GAS LISTING /var/folders/x6/17svhgds0x7889jbwj0rb4y80000gp/T//ccee3OIG.s 			page 1


   1               		.file	"main.c"
   2               	__SREG__ = 0x3f
   3               	__SP_H__ = 0x3e
   4               	__SP_L__ = 0x3d
   5               	__CCP__  = 0x34
   6               	__tmp_reg__ = 0
   7               	__zero_reg__ = 1
   8               		.global __do_copy_data
   9               		.global __do_clear_bss
  10               		.text
  11               		.type	writeFlashPage, @function
  12               	writeFlashPage:
  13               	/* prologue: function */
  14               	/* frame size = 0 */
  15 0000 8091 0000 		lds r24,needToErase
  16 0004 8823      		tst r24
  17 0006 01F0      		breq .L2
  18 0008 E091 0000 		lds r30,currentAddress
  19 000c F091 0000 		lds r31,(currentAddress)+1
  20 0010 3297      		sbiw r30,2
  21 0012 83E0      		ldi r24,lo8(3)
  22               	/* #APP */
  23               	 ;  138 "main.c" 1
  24 0014 8093 5700 		sts 87, r24
  25 0018 E895      		spm
  26               		
  27               	 ;  0 "" 2
  28               	/* #NOAPP */
  29               	.L3:
  30 001a 07B6      		in __tmp_reg__,87-32
  31 001c 00FC      		sbrc __tmp_reg__,0
  32 001e 00C0      		rjmp .L3
  33               	.L2:
  34 0020 E091 0000 		lds r30,currentAddress
  35 0024 F091 0000 		lds r31,(currentAddress)+1
  36 0028 3297      		sbiw r30,2
  37 002a 85E0      		ldi r24,lo8(5)
  38               	/* #APP */
  39               	 ;  142 "main.c" 1
  40 002c 8093 5700 		sts 87, r24
  41 0030 E895      		spm
  42               		
  43               	 ;  0 "" 2
  44               	/* #NOAPP */
  45               	.L4:
  46 0032 07B6      		in __tmp_reg__,87-32
  47 0034 00FC      		sbrc __tmp_reg__,0
  48 0036 00C0      		rjmp .L4
  49 0038 1092 0000 		sts needToErase,__zero_reg__
  50               	/* epilogue start */
  51 003c 0895      		ret
  52               		.size	writeFlashPage, .-writeFlashPage
  53               		.type	writeWordToPageBuffer, @function
  54               	writeWordToPageBuffer:
  55               	/* prologue: function */
  56               	/* frame size = 0 */
  57 003e AC01      		movw r20,r24
GAS LISTING /var/folders/x6/17svhgds0x7889jbwj0rb4y80000gp/T//ccee3OIG.s 			page 2


  58 0040 6091 0000 		lds r22,currentAddress
  59 0044 7091 0000 		lds r23,(currentAddress)+1
  60 0048 6115      		cp r22,__zero_reg__
  61 004a 7105      		cpc r23,__zero_reg__
  62 004c 01F0      		breq .L7
  63 004e 6430      		cpi r22,4
  64 0050 7105      		cpc r23,__zero_reg__
  65 0052 01F0      		breq .L7
  66 0054 24E1      		ldi r18,hi8(5370)
  67 0056 6A3F      		cpi r22,lo8(5370)
  68 0058 7207      		cpc r23,r18
  69 005a 01F4      		brne .L8
  70 005c 8091 0000 		lds r24,checksum
  71 0060 8195      		neg r24
  72 0062 482F      		mov r20,r24
  73 0064 50E0      		ldi r21,lo8(0)
  74 0066 00C0      		rjmp .L9
  75               	.L8:
  76 0068 84E1      		ldi r24,hi8(5372)
  77 006a 6C3F      		cpi r22,lo8(5372)
  78 006c 7807      		cpc r23,r24
  79 006e 01F4      		brne .L10
  80 0070 4091 0000 		lds r20,vectorTemp
  81 0074 5091 0000 		lds r21,(vectorTemp)+1
  82 0078 4E57      		subi r20,lo8(-(1410))
  83 007a 5A4F      		sbci r21,hi8(-(1410))
  84 007c 00C0      		rjmp .L9
  85               	.L10:
  86 007e E4E1      		ldi r30,hi8(5374)
  87 0080 6E3F      		cpi r22,lo8(5374)
  88 0082 7E07      		cpc r23,r30
  89 0084 01F4      		brne .L9
  90 0086 4091 0000 		lds r20,vectorTemp+2
  91 008a 5091 0000 		lds r21,(vectorTemp+2)+1
  92 008e 4D57      		subi r20,lo8(-(1411))
  93 0090 5A4F      		sbci r21,hi8(-(1411))
  94 0092 00C0      		rjmp .L9
  95               	.L7:
  96 0094 4FE7      		ldi r20,lo8(-13697)
  97 0096 5AEC      		ldi r21,hi8(-13697)
  98               	.L9:
  99 0098 242F      		mov r18,r20
 100 009a 30E0      		ldi r19,lo8(0)
 101 009c 250F      		add r18,r21
 102 009e 311D      		adc r19,__zero_reg__
 103 00a0 8091 0000 		lds r24,checksum
 104 00a4 9091 0000 		lds r25,(checksum)+1
 105 00a8 820F      		add r24,r18
 106 00aa 931F      		adc r25,r19
 107 00ac 9093 0000 		sts (checksum)+1,r25
 108 00b0 8093 0000 		sts checksum,r24
 109 00b4 6115      		cp r22,__zero_reg__
 110 00b6 7105      		cpc r23,__zero_reg__
 111 00b8 01F4      		brne .L11
 112 00ba 81E1      		ldi r24,lo8(17)
 113               	/* #APP */
 114               	 ;  182 "main.c" 1
GAS LISTING /var/folders/x6/17svhgds0x7889jbwj0rb4y80000gp/T//ccee3OIG.s 			page 3


 115 00bc 8093 5700 		sts 87, r24
 116 00c0 E895      		spm
 117               		
 118               	 ;  0 "" 2
 119               	/* #NOAPP */
 120               	.L11:
 121               	/* #APP */
 122               	 ;  184 "main.c" 1
 123 00c2 F894      		cli
 124               	 ;  0 "" 2
 125               	/* #NOAPP */
 126 00c4 81E0      		ldi r24,lo8(1)
 127 00c6 FB01      		movw r30,r22
 128               	/* #APP */
 129               	 ;  185 "main.c" 1
 130 00c8 0A01      		movw  r0, r20
 131 00ca 8093 5700 		sts 87, r24
 132 00ce E895      		spm
 133 00d0 1124      		clr  r1
 134               		
 135               	 ;  0 "" 2
 136               	 ;  186 "main.c" 1
 137 00d2 7894      		sei
 138               	 ;  0 "" 2
 139               	/* #NOAPP */
 140 00d4 FB01      		movw r30,r22
 141               	/* #APP */
 142               	 ;  189 "main.c" 1
 143 00d6 8591      		lpm r24, Z+
 144 00d8 9491      		lpm r25, Z
 145               		
 146               	 ;  0 "" 2
 147               	/* #NOAPP */
 148 00da 8417      		cp r24,r20
 149 00dc 9507      		cpc r25,r21
 150 00de 01F0      		breq .L12
 151 00e0 8F5F      		subi r24,lo8(-1)
 152 00e2 9F4F      		sbci r25,hi8(-1)
 153 00e4 01F0      		breq .L12
 154 00e6 81E0      		ldi r24,lo8(1)
 155 00e8 8093 0000 		sts needToErase,r24
 156               	.L12:
 157 00ec 6E5F      		subi r22,lo8(-(2))
 158 00ee 7F4F      		sbci r23,hi8(-(2))
 159 00f0 7093 0000 		sts (currentAddress)+1,r23
 160 00f4 6093 0000 		sts currentAddress,r22
 161               	/* epilogue start */
 162 00f8 0895      		ret
 163               		.size	writeWordToPageBuffer, .-writeWordToPageBuffer
 164               		.type	fillFlashWithVectors, @function
 165               	fillFlashWithVectors:
 166 00fa CF93      		push r28
 167 00fc DF93      		push r29
 168               	/* prologue: function */
 169               	/* frame size = 0 */
 170 00fe C091 0000 		lds r28,currentAddress
 171 0102 D091 0000 		lds r29,(currentAddress)+1
GAS LISTING /var/folders/x6/17svhgds0x7889jbwj0rb4y80000gp/T//ccee3OIG.s 			page 4


 172 0106 CF73      		andi r28,lo8(63)
 173 0108 D070      		andi r29,hi8(63)
 174               	.L15:
 175 010a 8FEF      		ldi r24,lo8(-1)
 176 010c 9FEF      		ldi r25,hi8(-1)
 177 010e 00D0      		rcall writeWordToPageBuffer
 178 0110 2296      		adiw r28,2
 179 0112 C034      		cpi r28,64
 180 0114 D105      		cpc r29,__zero_reg__
 181 0116 04F0      		brlt .L15
 182 0118 00D0      		rcall writeFlashPage
 183               	/* epilogue start */
 184 011a DF91      		pop r29
 185 011c CF91      		pop r28
 186 011e 0895      		ret
 187               		.size	fillFlashWithVectors, .-fillFlashWithVectors
 188               		.type	eraseApplication, @function
 189               	eraseApplication:
 190               	/* prologue: function */
 191               	/* frame size = 0 */
 192 0120 E0EC      		ldi r30,lo8(5312)
 193 0122 F4E1      		ldi r31,hi8(5312)
 194 0124 00C0      		rjmp .L18
 195               	.L20:
 196 0126 83E0      		ldi r24,lo8(3)
 197               	/* #APP */
 198               	 ;  216 "main.c" 1
 199 0128 8093 5700 		sts 87, r24
 200 012c E895      		spm
 201               		
 202               	 ;  0 "" 2
 203               	/* #NOAPP */
 204               	.L19:
 205 012e 07B6      		in __tmp_reg__,87-32
 206 0130 00FC      		sbrc __tmp_reg__,0
 207 0132 00C0      		rjmp .L19
 208 0134 E054      		subi r30,lo8(-(-64))
 209 0136 F040      		sbci r31,hi8(-(-64))
 210               	.L18:
 211 0138 3097      		sbiw r30,0
 212 013a 01F4      		brne .L20
 213 013c 1092 0000 		sts (currentAddress)+1,__zero_reg__
 214 0140 1092 0000 		sts currentAddress,__zero_reg__
 215 0144 00D0      		rcall fillFlashWithVectors
 216               	/* epilogue start */
 217 0146 0895      		ret
 218               		.size	eraseApplication, .-eraseApplication
 219               		.section	.init3,"ax",@progbits
 220               	.global	PushMagicWord
 221               		.type	PushMagicWord, @function
 222               	PushMagicWord:
 223               	/* prologue: naked */
 224               	/* frame size = 0 */
 225               	/* #APP */
 226               	 ;  513 "main.c" 1
 227 0000 00EB      		ldi r16, 0xB0
 228               	 ;  0 "" 2
GAS LISTING /var/folders/x6/17svhgds0x7889jbwj0rb4y80000gp/T//ccee3OIG.s 			page 5


 229               	 ;  514 "main.c" 1
 230 0002 0F93      		push r16
 231               	 ;  0 "" 2
 232               	 ;  515 "main.c" 1
 233 0004 07E0      		ldi r16, 0x07
 234               	 ;  0 "" 2
 235               	 ;  516 "main.c" 1
 236 0006 0F93      		push r16
 237               	 ;  0 "" 2
 238               	/* epilogue start */
 239               	/* #NOAPP */
 240               		.size	PushMagicWord, .-PushMagicWord
 241               		.text
 242               	.global	main
 243               		.type	main, @function
 244               	main:
 245               	/* prologue: function */
 246               	/* frame size = 0 */
 247 0148 14BE      		out 84-32,__zero_reg__
 248 014a 81B5      		in r24,65-32
 249 014c 8861      		ori r24,lo8(24)
 250 014e 81BD      		out 65-32,r24
 251 0150 11BC      		out 65-32,__zero_reg__
 252 0152 E0E0      		ldi r30,lo8(0)
 253 0154 F0E0      		ldi r31,hi8(0)
 254               	/* #APP */
 255               	 ;  542 "main.c" 1
 256 0156 8591      		lpm r24, Z+
 257 0158 9491      		lpm r25, Z
 258               		
 259               	 ;  0 "" 2
 260               	/* #NOAPP */
 261 015a 8F57      		subi r24,lo8(-13697)
 262 015c 9A4C      		sbci r25,hi8(-13697)
 263 015e 01F4      		brne .L25
 264 0160 E4E0      		ldi r30,lo8(4)
 265 0162 F0E0      		ldi r31,hi8(4)
 266               	/* #APP */
 267               	 ;  543 "main.c" 1
 268 0164 8591      		lpm r24, Z+
 269 0166 9491      		lpm r25, Z
 270               		
 271               	 ;  0 "" 2
 272               	/* #NOAPP */
 273 0168 8F57      		subi r24,lo8(-13697)
 274 016a 9A4C      		sbci r25,hi8(-13697)
 275 016c 01F0      		breq .L26
 276               	.L25:
 277 016e 00D0      		rcall eraseApplication
 278               	.L26:
 279 0170 1092 0000 		sts (currentAddress)+1,__zero_reg__
 280 0174 1092 0000 		sts currentAddress,__zero_reg__
 281 0178 1092 0000 		sts (checksum)+1,__zero_reg__
 282 017c 1092 0000 		sts checksum,__zero_reg__
 283 0180 E0E0      		ldi r30,lo8(0)
 284 0182 F0E0      		ldi r31,hi8(0)
 285 0184 EE24      		clr r14
GAS LISTING /var/folders/x6/17svhgds0x7889jbwj0rb4y80000gp/T//ccee3OIG.s 			page 6


 286               	.L27:
 287               	/* #APP */
 288               	 ;  238 "main.c" 1
 289 0186 8491      		lpm r24, Z
 290               		
 291               	 ;  0 "" 2
 292               	/* #NOAPP */
 293 0188 E80E      		add r14,r24
 294 018a 3196      		adiw r30,1
 295 018c 84E1      		ldi r24,hi8(5371)
 296 018e EB3F      		cpi r30,lo8(5371)
 297 0190 F807      		cpc r31,r24
 298 0192 01F4      		brne .L27
 299 0194 A89A      		sbi 53-32,0
 300 0196 8BB7      		in r24,91-32
 301 0198 8062      		ori r24,lo8(32)
 302 019a 8BBF      		out 91-32,r24
 303 019c B99A      		sbi 55-32,1
 304 019e 88E8      		ldi r24,lo8(5000)
 305 01a0 93E1      		ldi r25,hi8(5000)
 306               	.L28:
 307 01a2 ECE9      		ldi r30,lo8(412)
 308 01a4 F1E0      		ldi r31,hi8(412)
 309               	/* #APP */
 310               	 ;  105 "/Applications/Development/Arduino1.0.5_trinket.app/Contents/Resources/Java/hardware/tools/
 311 01a6 3197      		1: sbiw r30,1
 312 01a8 01F4      		brne 1b
 313               	 ;  0 "" 2
 314               	/* #NOAPP */
 315 01aa 0197      		sbiw r24,1
 316 01ac 01F4      		brne .L28
 317 01ae B998      		cbi 55-32,1
 318               	/* #APP */
 319               	 ;  535 "main.c" 1
 320 01b0 7894      		sei
 321               	 ;  0 "" 2
 322               	/* #NOAPP */
 323 01b2 CC24      		clr r12
 324 01b4 DD24      		clr r13
 325               	.L105:
 326 01b6 9091 0000 		lds r25,usbRxLen
 327 01ba 9350      		subi r25,lo8(-(-3))
 328 01bc 97FD      		sbrc r25,7
 329 01be 00C0      		rjmp .L29
 330 01c0 8091 0000 		lds r24,usbInputBufOffset
 331 01c4 CCE0      		ldi r28,lo8(12)
 332 01c6 D0E0      		ldi r29,hi8(12)
 333 01c8 C81B      		sub r28,r24
 334 01ca D109      		sbc r29,__zero_reg__
 335 01cc C050      		subi r28,lo8(-(usbRxBuf))
 336 01ce D040      		sbci r29,hi8(-(usbRxBuf))
 337 01d0 8091 0000 		lds r24,usbRxToken
 338 01d4 8D32      		cpi r24,lo8(45)
 339 01d6 01F0      		breq .+2
 340 01d8 00C0      		rjmp .L30
 341 01da 9830      		cpi r25,lo8(8)
 342 01dc 01F0      		breq .+2
GAS LISTING /var/folders/x6/17svhgds0x7889jbwj0rb4y80000gp/T//ccee3OIG.s 			page 7


 343 01de 00C0      		rjmp .L31
 344 01e0 83EC      		ldi r24,lo8(-61)
 345 01e2 8093 0000 		sts usbTxBuf,r24
 346 01e6 8AE5      		ldi r24,lo8(90)
 347 01e8 8093 0000 		sts usbTxLen,r24
 348 01ec 1092 0000 		sts usbMsgFlags,__zero_reg__
 349 01f0 4881      		ld r20,Y
 350 01f2 842F      		mov r24,r20
 351 01f4 8076      		andi r24,lo8(96)
 352 01f6 2981      		ldd r18,Y+1
 353 01f8 8823      		tst r24
 354 01fa 01F4      		brne .+2
 355 01fc 00C0      		rjmp .L32
 356 01fe 31E0      		ldi r19,lo8(1)
 357 0200 3093 0000 		sts connectedToPc,r19
 358 0204 80E0      		ldi r24,lo8(replyBuffer.1870)
 359 0206 90E0      		ldi r25,hi8(replyBuffer.1870)
 360 0208 9093 0000 		sts (usbMsgPtr)+1,r25
 361 020c 8093 0000 		sts usbMsgPtr,r24
 362 0210 2330      		cpi r18,lo8(3)
 363 0212 01F4      		brne .L33
 364 0214 8A81      		ldd r24,Y+2
 365 0216 8033      		cpi r24,lo8(48)
 366 0218 01F4      		brne .L34
 367 021a EC81      		ldd r30,Y+4
 368 021c E370      		andi r30,lo8(3)
 369 021e F0E0      		ldi r31,lo8(0)
 370 0220 E050      		subi r30,lo8(-(signatureBytes))
 371 0222 F040      		sbci r31,hi8(-(signatureBytes))
 372 0224 E081      		ld r30,Z
 373 0226 00C0      		rjmp .L35
 374               	.L34:
 375 0228 8C3A      		cpi r24,lo8(-84)
 376 022a 01F4      		brne .L36
 377 022c 8B81      		ldd r24,Y+3
 378 022e 8038      		cpi r24,lo8(-128)
 379 0230 01F4      		brne .L36
 380 0232 3093 0000 		sts eraseRequested,r19
 381               	.L36:
 382 0236 E0E0      		ldi r30,lo8(0)
 383               	.L35:
 384 0238 E093 0000 		sts replyBuffer.1870+3,r30
 385 023c 24E0      		ldi r18,lo8(4)
 386 023e 00C0      		rjmp .L37
 387               	.L33:
 388 0240 2530      		cpi r18,lo8(5)
 389 0242 01F4      		brne .L38
 390 0244 21E0      		ldi r18,lo8(1)
 391 0246 00C0      		rjmp .L37
 392               	.L38:
 393 0248 822F      		mov r24,r18
 394 024a 8450      		subi r24,lo8(-(-4))
 395 024c 8630      		cpi r24,lo8(6)
 396 024e 00F4      		brsh .L39
 397 0250 8A81      		ldd r24,Y+2
 398 0252 9B81      		ldd r25,Y+3
 399 0254 9093 0000 		sts (currentAddress)+1,r25
GAS LISTING /var/folders/x6/17svhgds0x7889jbwj0rb4y80000gp/T//ccee3OIG.s 			page 8


 400 0258 8093 0000 		sts currentAddress,r24
 401 025c 2930      		cpi r18,lo8(9)
 402 025e 01F0      		breq .L40
 403 0260 9E81      		ldd r25,Y+6
 404 0262 9093 0000 		sts bytesRemaining,r25
 405 0266 8D81      		ldd r24,Y+5
 406 0268 8270      		andi r24,lo8(2)
 407 026a 8093 0000 		sts isLastPage,r24
 408 026e 47FD      		sbrc r20,7
 409 0270 00C0      		rjmp .L42
 410 0272 9FEF      		ldi r25,lo8(-1)
 411 0274 00C0      		rjmp .L42
 412               	.L39:
 413 0276 2230      		cpi r18,lo8(2)
 414 0278 01F4      		brne .L40
 415 027a 3093 0000 		sts requestBootLoaderExit,r19
 416               	.L40:
 417 027e 20E0      		ldi r18,lo8(0)
 418 0280 00C0      		rjmp .L37
 419               	.L32:
 420 0282 8A81      		ldd r24,Y+2
 421 0284 1092 0000 		sts usbTxBuf+9,__zero_reg__
 422 0288 2223      		tst r18
 423 028a 01F4      		brne .L43
 424 028c 1092 0000 		sts usbTxBuf+10,__zero_reg__
 425 0290 80E0      		ldi r24,lo8(usbTxBuf+9)
 426 0292 90E0      		ldi r25,hi8(usbTxBuf+9)
 427 0294 22E0      		ldi r18,lo8(2)
 428 0296 00C0      		rjmp .L44
 429               	.L43:
 430 0298 2530      		cpi r18,lo8(5)
 431 029a 01F4      		brne .L45
 432 029c 8093 0000 		sts usbNewDeviceAddr,r24
 433 02a0 00C0      		rjmp .L55
 434               	.L45:
 435 02a2 2630      		cpi r18,lo8(6)
 436 02a4 01F4      		brne .L46
 437 02a6 8B81      		ldd r24,Y+3
 438 02a8 8130      		cpi r24,lo8(1)
 439 02aa 01F4      		brne .L47
 440 02ac 80E0      		ldi r24,lo8(usbDescriptorDevice)
 441 02ae 90E0      		ldi r25,hi8(usbDescriptorDevice)
 442 02b0 00C0      		rjmp .L106
 443               	.L47:
 444 02b2 8230      		cpi r24,lo8(2)
 445 02b4 01F4      		brne .L49
 446 02b6 80E0      		ldi r24,lo8(usbDescriptorConfiguration)
 447 02b8 90E0      		ldi r25,hi8(usbDescriptorConfiguration)
 448               	.L106:
 449 02ba 9093 0000 		sts (usbMsgPtr)+1,r25
 450 02be 8093 0000 		sts usbMsgPtr,r24
 451 02c2 22E1      		ldi r18,lo8(18)
 452 02c4 00C0      		rjmp .L48
 453               	.L49:
 454 02c6 8330      		cpi r24,lo8(3)
 455 02c8 01F4      		brne .L50
 456 02ca 8A81      		ldd r24,Y+2
GAS LISTING /var/folders/x6/17svhgds0x7889jbwj0rb4y80000gp/T//ccee3OIG.s 			page 9


 457 02cc 8823      		tst r24
 458 02ce 01F4      		brne .L51
 459 02d0 80E0      		ldi r24,lo8(usbDescriptorString0)
 460 02d2 90E0      		ldi r25,hi8(usbDescriptorString0)
 461 02d4 9093 0000 		sts (usbMsgPtr)+1,r25
 462 02d8 8093 0000 		sts usbMsgPtr,r24
 463 02dc 24E0      		ldi r18,lo8(4)
 464 02de 00C0      		rjmp .L48
 465               	.L51:
 466 02e0 8130      		cpi r24,lo8(1)
 467 02e2 01F4      		brne .L52
 468 02e4 80E0      		ldi r24,lo8(usbDescriptorStringVendor)
 469 02e6 90E0      		ldi r25,hi8(usbDescriptorStringVendor)
 470 02e8 9093 0000 		sts (usbMsgPtr)+1,r25
 471 02ec 8093 0000 		sts usbMsgPtr,r24
 472 02f0 2CE1      		ldi r18,lo8(28)
 473 02f2 00C0      		rjmp .L48
 474               	.L52:
 475 02f4 8230      		cpi r24,lo8(2)
 476 02f6 01F4      		brne .L50
 477 02f8 80E0      		ldi r24,lo8(usbDescriptorStringDevice)
 478 02fa 90E0      		ldi r25,hi8(usbDescriptorStringDevice)
 479 02fc 9093 0000 		sts (usbMsgPtr)+1,r25
 480 0300 8093 0000 		sts usbMsgPtr,r24
 481 0304 2EE0      		ldi r18,lo8(14)
 482 0306 00C0      		rjmp .L48
 483               	.L50:
 484 0308 20E0      		ldi r18,lo8(0)
 485               	.L48:
 486 030a 80E4      		ldi r24,lo8(64)
 487 030c 8093 0000 		sts usbMsgFlags,r24
 488 0310 00C0      		rjmp .L37
 489               	.L46:
 490 0312 2830      		cpi r18,lo8(8)
 491 0314 01F4      		brne .L53
 492 0316 80E0      		ldi r24,lo8(usbConfiguration)
 493 0318 90E0      		ldi r25,hi8(usbConfiguration)
 494 031a 00C0      		rjmp .L107
 495               	.L53:
 496 031c 2930      		cpi r18,lo8(9)
 497 031e 01F4      		brne .L54
 498 0320 8093 0000 		sts usbConfiguration,r24
 499 0324 00C0      		rjmp .L55
 500               	.L54:
 501 0326 2A30      		cpi r18,lo8(10)
 502 0328 01F4      		brne .L55
 503 032a 80E0      		ldi r24,lo8(usbTxBuf+9)
 504 032c 90E0      		ldi r25,hi8(usbTxBuf+9)
 505               	.L107:
 506 032e 21E0      		ldi r18,lo8(1)
 507 0330 00C0      		rjmp .L44
 508               	.L55:
 509 0332 80E0      		ldi r24,lo8(usbTxBuf+9)
 510 0334 90E0      		ldi r25,hi8(usbTxBuf+9)
 511 0336 20E0      		ldi r18,lo8(0)
 512               	.L44:
 513 0338 9093 0000 		sts (usbMsgPtr)+1,r25
GAS LISTING /var/folders/x6/17svhgds0x7889jbwj0rb4y80000gp/T//ccee3OIG.s 			page 10


 514 033c 8093 0000 		sts usbMsgPtr,r24
 515 0340 00C0      		rjmp .L37
 516               	.L42:
 517 0342 80E8      		ldi r24,lo8(-128)
 518 0344 8093 0000 		sts usbMsgFlags,r24
 519 0348 00C0      		rjmp .L56
 520               	.L37:
 521 034a 8F81      		ldd r24,Y+7
 522 034c 8823      		tst r24
 523 034e 01F4      		brne .L57
 524 0350 9E81      		ldd r25,Y+6
 525 0352 9217      		cp r25,r18
 526 0354 00F0      		brlo .L56
 527               	.L57:
 528 0356 922F      		mov r25,r18
 529               	.L56:
 530 0358 9093 0000 		sts usbMsgLen,r25
 531 035c 00C0      		rjmp .L31
 532               	.L30:
 533 035e 8091 0000 		lds r24,usbMsgFlags
 534 0362 87FF      		sbrs r24,7
 535 0364 00C0      		rjmp .L31
 536 0366 8091 0000 		lds r24,bytesRemaining
 537 036a 092F      		mov r16,r25
 538 036c 8917      		cp r24,r25
 539 036e 00F4      		brsh .L58
 540 0370 082F      		mov r16,r24
 541               	.L58:
 542 0372 801B      		sub r24,r16
 543 0374 8093 0000 		sts bytesRemaining,r24
 544 0378 FF24      		clr r15
 545 037a 8823      		tst r24
 546 037c 01F4      		brne .L59
 547 037e FF24      		clr r15
 548 0380 F394      		inc r15
 549               	.L59:
 550 0382 10E0      		ldi r17,lo8(0)
 551 0384 00C0      		rjmp .L60
 552               	.L67:
 553 0386 8091 0000 		lds r24,currentAddress
 554 038a 9091 0000 		lds r25,(currentAddress)+1
 555 038e 892B      		or r24,r25
 556 0390 01F4      		brne .L61
 557 0392 8881      		ld r24,Y
 558 0394 9981      		ldd r25,Y+1
 559 0396 9093 0000 		sts (vectorTemp)+1,r25
 560 039a 8093 0000 		sts vectorTemp,r24
 561               	.L61:
 562 039e 8091 0000 		lds r24,currentAddress
 563 03a2 9091 0000 		lds r25,(currentAddress)+1
 564 03a6 0497      		sbiw r24,4
 565 03a8 01F4      		brne .L62
 566 03aa 8881      		ld r24,Y
 567 03ac 9981      		ldd r25,Y+1
 568 03ae 9093 0000 		sts (vectorTemp+2)+1,r25
 569 03b2 8093 0000 		sts vectorTemp+2,r24
 570               	.L62:
GAS LISTING /var/folders/x6/17svhgds0x7889jbwj0rb4y80000gp/T//ccee3OIG.s 			page 11


 571 03b6 8091 0000 		lds r24,currentAddress
 572 03ba 9091 0000 		lds r25,(currentAddress)+1
 573 03be 8A5F      		subi r24,lo8(5370)
 574 03c0 9441      		sbci r25,hi8(5370)
 575 03c2 00F0      		brlo .L63
 576 03c4 81E1      		ldi r24,lo8(17)
 577               	/* #APP */
 578               	 ;  430 "main.c" 1
 579 03c6 8093 5700 		sts 87, r24
 580 03ca E895      		spm
 581               		
 582               	 ;  0 "" 2
 583               	/* #NOAPP */
 584 03cc 00C0      		rjmp .L64
 585               	.L63:
 586 03ce 1E5F      		subi r17,lo8(-(2))
 587 03d0 8881      		ld r24,Y
 588 03d2 9981      		ldd r25,Y+1
 589 03d4 00D0      		rcall writeWordToPageBuffer
 590 03d6 8091 0000 		lds r24,currentAddress
 591 03da 9091 0000 		lds r25,(currentAddress)+1
 592 03de 8F73      		andi r24,lo8(63)
 593 03e0 9070      		andi r25,hi8(63)
 594 03e2 892B      		or r24,r25
 595 03e4 01F0      		breq .L65
 596 03e6 FF20      		tst r15
 597 03e8 01F0      		breq .L66
 598 03ea 1017      		cp r17,r16
 599 03ec 00F0      		brlo .L66
 600 03ee 8091 0000 		lds r24,isLastPage
 601 03f2 8823      		tst r24
 602 03f4 01F0      		breq .L66
 603               	.L65:
 604 03f6 81E0      		ldi r24,lo8(1)
 605 03f8 8093 0000 		sts flashPageLoaded,r24
 606               	.L66:
 607 03fc 2296      		adiw r28,2
 608               	.L60:
 609 03fe 1017      		cp r17,r16
 610 0400 00F4      		brsh .+2
 611 0402 00C0      		rjmp .L67
 612               	.L64:
 613 0404 FF20      		tst r15
 614 0406 01F0      		breq .L31
 615 0408 1092 0000 		sts usbMsgLen,__zero_reg__
 616               	.L31:
 617 040c 1092 0000 		sts usbRxLen,__zero_reg__
 618               	.L29:
 619 0410 8091 0000 		lds r24,usbTxLen
 620 0414 84FF      		sbrs r24,4
 621 0416 00C0      		rjmp .L68
 622 0418 8091 0000 		lds r24,usbMsgLen
 623 041c 8F3F      		cpi r24,lo8(-1)
 624 041e 01F4      		brne .+2
 625 0420 00C0      		rjmp .L68
 626 0422 182F      		mov r17,r24
 627 0424 8930      		cpi r24,lo8(9)
GAS LISTING /var/folders/x6/17svhgds0x7889jbwj0rb4y80000gp/T//ccee3OIG.s 			page 12


 628 0426 00F0      		brlo .L69
 629 0428 18E0      		ldi r17,lo8(8)
 630               	.L69:
 631 042a 811B      		sub r24,r17
 632 042c 8093 0000 		sts usbMsgLen,r24
 633 0430 8091 0000 		lds r24,usbTxBuf
 634 0434 98E8      		ldi r25,lo8(-120)
 635 0436 8927      		eor r24,r25
 636 0438 8093 0000 		sts usbTxBuf,r24
 637 043c 1123      		tst r17
 638 043e 01F4      		brne .+2
 639 0440 00C0      		rjmp .L70
 640 0442 8091 0000 		lds r24,usbMsgFlags
 641 0446 87FF      		sbrs r24,7
 642 0448 00C0      		rjmp .L71
 643 044a 8091 0000 		lds r24,bytesRemaining
 644 044e 8117      		cp r24,r17
 645 0450 00F4      		brsh .L72
 646 0452 182F      		mov r17,r24
 647               	.L72:
 648 0454 811B      		sub r24,r17
 649 0456 8093 0000 		sts bytesRemaining,r24
 650 045a A0E0      		ldi r26,lo8(usbTxBuf+1)
 651 045c B0E0      		ldi r27,hi8(usbTxBuf+1)
 652 045e 00C0      		rjmp .L73
 653               	.L78:
 654 0460 E091 0000 		lds r30,currentAddress
 655 0464 F091 0000 		lds r31,(currentAddress)+1
 656               	/* #APP */
 657               	 ;  476 "main.c" 1
 658 0468 8491      		lpm r24, Z
 659               		
 660               	 ;  0 "" 2
 661               	/* #NOAPP */
 662 046a 8C93      		st X,r24
 663 046c EF2B      		or r30,r31
 664 046e 01F4      		brne .L74
 665 0470 8091 0000 		lds r24,vectorTemp
 666 0474 8C93      		st X,r24
 667               	.L74:
 668 0476 8091 0000 		lds r24,currentAddress
 669 047a 9091 0000 		lds r25,(currentAddress)+1
 670 047e 0197      		sbiw r24,1
 671 0480 01F4      		brne .L75
 672 0482 8091 0000 		lds r24,vectorTemp+1
 673 0486 8C93      		st X,r24
 674               	.L75:
 675 0488 8091 0000 		lds r24,currentAddress
 676 048c 9091 0000 		lds r25,(currentAddress)+1
 677 0490 0497      		sbiw r24,4
 678 0492 01F4      		brne .L76
 679 0494 8091 0000 		lds r24,vectorTemp+2
 680 0498 8C93      		st X,r24
 681               	.L76:
 682 049a 8091 0000 		lds r24,currentAddress
 683 049e 9091 0000 		lds r25,(currentAddress)+1
 684 04a2 0597      		sbiw r24,5
GAS LISTING /var/folders/x6/17svhgds0x7889jbwj0rb4y80000gp/T//ccee3OIG.s 			page 13


 685 04a4 01F4      		brne .L77
 686 04a6 8091 0000 		lds r24,vectorTemp+3
 687 04aa 8C93      		st X,r24
 688               	.L77:
 689 04ac 1196      		adiw r26,1
 690 04ae 8091 0000 		lds r24,currentAddress
 691 04b2 9091 0000 		lds r25,(currentAddress)+1
 692 04b6 0196      		adiw r24,1
 693 04b8 9093 0000 		sts (currentAddress)+1,r25
 694 04bc 8093 0000 		sts currentAddress,r24
 695               	.L73:
 696 04c0 812F      		mov r24,r17
 697 04c2 90E0      		ldi r25,lo8(0)
 698 04c4 8050      		subi r24,lo8(-(usbTxBuf+1))
 699 04c6 9040      		sbci r25,hi8(-(usbTxBuf+1))
 700 04c8 A817      		cp r26,r24
 701 04ca B907      		cpc r27,r25
 702 04cc 01F4      		brne .L78
 703 04ce 00C0      		rjmp .L79
 704               	.L71:
 705 04d0 E091 0000 		lds r30,usbMsgPtr
 706 04d4 F091 0000 		lds r31,(usbMsgPtr)+1
 707 04d8 86FF      		sbrs r24,6
 708 04da 00C0      		rjmp .L80
 709 04dc 912F      		mov r25,r17
 710 04de A0E0      		ldi r26,lo8(usbTxBuf+1)
 711 04e0 B0E0      		ldi r27,hi8(usbTxBuf+1)
 712               	.L81:
 713               	/* #APP */
 714               	 ;  504 "usbdrv/usbdrv.c" 1
 715 04e2 8491      		lpm r24, Z
 716               		
 717               	 ;  0 "" 2
 718               	/* #NOAPP */
 719 04e4 8D93      		st X+,r24
 720 04e6 3196      		adiw r30,1
 721 04e8 9150      		subi r25,lo8(-(-1))
 722 04ea 01F4      		brne .L81
 723 04ec 00C0      		rjmp .L82
 724               	.L80:
 725 04ee 912F      		mov r25,r17
 726 04f0 A0E0      		ldi r26,lo8(usbTxBuf+1)
 727 04f2 B0E0      		ldi r27,hi8(usbTxBuf+1)
 728               	.L83:
 729 04f4 8191      		ld r24,Z+
 730 04f6 8D93      		st X+,r24
 731 04f8 9150      		subi r25,lo8(-(-1))
 732 04fa 01F4      		brne .L83
 733               	.L82:
 734 04fc F093 0000 		sts (usbMsgPtr)+1,r31
 735 0500 E093 0000 		sts usbMsgPtr,r30
 736               	.L79:
 737 0504 1930      		cpi r17,lo8(9)
 738 0506 00F4      		brsh .L84
 739               	.L70:
 740 0508 80E0      		ldi r24,lo8(usbTxBuf+1)
 741 050a 90E0      		ldi r25,hi8(usbTxBuf+1)
GAS LISTING /var/folders/x6/17svhgds0x7889jbwj0rb4y80000gp/T//ccee3OIG.s 			page 14


 742 050c 612F      		mov r22,r17
 743 050e 00D0      		rcall usbCrc16Append
 744 0510 612F      		mov r22,r17
 745 0512 6C5F      		subi r22,lo8(-(4))
 746 0514 6C30      		cpi r22,lo8(12)
 747 0516 01F0      		breq .L85
 748 0518 8FEF      		ldi r24,lo8(-1)
 749 051a 8093 0000 		sts usbMsgLen,r24
 750 051e 00C0      		rjmp .L85
 751               	.L84:
 752 0520 8FEF      		ldi r24,lo8(-1)
 753 0522 8093 0000 		sts usbMsgLen,r24
 754 0526 6EE1      		ldi r22,lo8(30)
 755               	.L85:
 756 0528 6093 0000 		sts usbTxLen,r22
 757               	.L68:
 758 052c 94E1      		ldi r25,lo8(20)
 759               	.L87:
 760 052e 86B3      		in r24,54-32
 761 0530 8370      		andi r24,lo8(3)
 762 0532 01F4      		brne .L86
 763 0534 9150      		subi r25,lo8(-(-1))
 764 0536 01F4      		brne .L87
 765 0538 1092 0000 		sts usbNewDeviceAddr,__zero_reg__
 766 053c 1092 0000 		sts usbDeviceAddr,__zero_reg__
 767               	.L86:
 768 0540 10E0      		ldi r17,lo8(0)
 769 0542 9923      		tst r25
 770 0544 01F4      		brne .L88
 771 0546 11E0      		ldi r17,lo8(1)
 772               	.L88:
 773 0548 8091 0000 		lds r24,wasReset.1715
 774 054c 8117      		cp r24,r17
 775 054e 01F0      		breq .L89
 776 0550 1123      		tst r17
 777 0552 01F4      		brne .L90
 778               	/* #APP */
 779               	 ;  557 "usbdrv/usbdrv.c" 1
 780 0554 F894      		cli
 781               	 ;  0 "" 2
 782               	/* #NOAPP */
 783 0556 00D0      		rcall calibrateOscillator
 784               	/* #APP */
 785               	 ;  557 "usbdrv/usbdrv.c" 1
 786 0558 7894      		sei
 787               	 ;  0 "" 2
 788               	/* #NOAPP */
 789               	.L90:
 790 055a 1093 0000 		sts wasReset.1715,r17
 791               	.L89:
 792 055e 8CE9      		ldi r24,lo8(412)
 793 0560 91E0      		ldi r25,hi8(412)
 794               	/* #APP */
 795               	 ;  105 "/Applications/Development/Arduino1.0.5_trinket.app/Contents/Resources/Java/hardware/tools/
 796 0562 0197      		1: sbiw r24,1
 797 0564 01F4      		brne 1b
 798               	 ;  0 "" 2
GAS LISTING /var/folders/x6/17svhgds0x7889jbwj0rb4y80000gp/T//ccee3OIG.s 			page 15


 799               	/* #NOAPP */
 800 0566 8091 0000 		lds r24,eraseRequested
 801 056a 8823      		tst r24
 802 056c 01F0      		breq .L91
 803 056e 8AE3      		ldi r24,lo8(8250)
 804 0570 90E2      		ldi r25,hi8(8250)
 805               	/* #APP */
 806               	 ;  105 "/Applications/Development/Arduino1.0.5_trinket.app/Contents/Resources/Java/hardware/tools/
 807 0572 0197      		1: sbiw r24,1
 808 0574 01F4      		brne 1b
 809               	 ;  0 "" 2
 810               	 ;  564 "main.c" 1
 811 0576 F894      		cli
 812               	 ;  0 "" 2
 813               	/* #NOAPP */
 814 0578 00D0      		rcall eraseApplication
 815               	/* #APP */
 816               	 ;  566 "main.c" 1
 817 057a 7894      		sei
 818               	 ;  0 "" 2
 819               	/* #NOAPP */
 820 057c 1092 0000 		sts (checksum)+1,__zero_reg__
 821 0580 1092 0000 		sts checksum,__zero_reg__
 822 0584 1092 0000 		sts eraseRequested,__zero_reg__
 823               	.L91:
 824 0588 8091 0000 		lds r24,flashPageLoaded
 825 058c 8823      		tst r24
 826 058e 01F0      		breq .L92
 827 0590 8AE3      		ldi r24,lo8(8250)
 828 0592 90E2      		ldi r25,hi8(8250)
 829               	/* #APP */
 830               	 ;  105 "/Applications/Development/Arduino1.0.5_trinket.app/Contents/Resources/Java/hardware/tools/
 831 0594 0197      		1: sbiw r24,1
 832 0596 01F4      		brne 1b
 833               	 ;  0 "" 2
 834               	 ;  576 "main.c" 1
 835 0598 F894      		cli
 836               	 ;  0 "" 2
 837               	/* #NOAPP */
 838 059a 8091 0000 		lds r24,currentAddress
 839 059e 9091 0000 		lds r25,(currentAddress)+1
 840 05a2 8F73      		andi r24,lo8(63)
 841 05a4 9070      		andi r25,hi8(63)
 842 05a6 892B      		or r24,r25
 843 05a8 01F0      		breq .L93
 844 05aa 00D0      		rcall fillFlashWithVectors
 845 05ac 00C0      		rjmp .L94
 846               	.L93:
 847 05ae 00D0      		rcall writeFlashPage
 848               	.L94:
 849               	/* #APP */
 850               	 ;  583 "main.c" 1
 851 05b0 7894      		sei
 852               	 ;  0 "" 2
 853               	/* #NOAPP */
 854 05b2 1092 0000 		sts flashPageLoaded,__zero_reg__
 855 05b6 8091 0000 		lds r24,isLastPage
GAS LISTING /var/folders/x6/17svhgds0x7889jbwj0rb4y80000gp/T//ccee3OIG.s 			page 16


 856 05ba 8823      		tst r24
 857 05bc 01F0      		breq .L92
 858 05be 8091 0000 		lds r24,currentAddress
 859 05c2 9091 0000 		lds r25,(currentAddress)+1
 860 05c6 9093 0000 		sts (writeSize)+1,r25
 861 05ca 8093 0000 		sts writeSize,r24
 862 05ce 81E0      		ldi r24,lo8(1)
 863 05d0 8093 0000 		sts appWriteComplete,r24
 864               	.L92:
 865 05d4 8091 0000 		lds r24,requestBootLoaderExit
 866 05d8 8823      		tst r24
 867 05da 01F4      		brne .L95
 868 05dc 0894      		sec
 869 05de C11C      		adc r12,__zero_reg__
 870 05e0 D11C      		adc r13,__zero_reg__
 871 05e2 EE20      		tst r14
 872 05e4 01F0      		breq .+2
 873 05e6 00C0      		rjmp .L105
 874 05e8 8091 0000 		lds r24,connectedToPc
 875 05ec 8823      		tst r24
 876 05ee 01F0      		breq .+2
 877 05f0 00C0      		rjmp .L105
 878 05f2 81E5      		ldi r24,lo8(-15535)
 879 05f4 C816      		cp r12,r24
 880 05f6 83EC      		ldi r24,hi8(-15535)
 881 05f8 D806      		cpc r13,r24
 882 05fa 00F4      		brsh .+2
 883 05fc 00C0      		rjmp .L105
 884               	.L95:
 885 05fe 82E2      		ldi r24,lo8(-24286)
 886 0600 91EA      		ldi r25,hi8(-24286)
 887               	/* #APP */
 888               	 ;  105 "/Applications/Development/Arduino1.0.5_trinket.app/Contents/Resources/Java/hardware/tools/
 889 0602 0197      		1: sbiw r24,1
 890 0604 01F4      		brne 1b
 891               	 ;  0 "" 2
 892               	 ;  258 "main.c" 1
 893 0606 F894      		cli
 894               	 ;  0 "" 2
 895               	/* #NOAPP */
 896 0608 1BBE      		out 91-32,__zero_reg__
 897 060a 15BA      		out 53-32,__zero_reg__
 898 060c 8091 0000 		lds r24,appWriteComplete
 899 0610 8823      		tst r24
 900 0612 01F0      		breq .L97
 901 0614 8091 0000 		lds r24,writeSize
 902 0618 9091 0000 		lds r25,(writeSize)+1
 903 061c 9093 0000 		sts (currentAddress)+1,r25
 904 0620 8093 0000 		sts currentAddress,r24
 905 0624 00C0      		rjmp .L98
 906               	.L99:
 907 0626 00D0      		rcall fillFlashWithVectors
 908               	.L98:
 909 0628 8091 0000 		lds r24,currentAddress
 910 062c 9091 0000 		lds r25,(currentAddress)+1
 911 0630 8050      		subi r24,lo8(5376)
 912 0632 9541      		sbci r25,hi8(5376)
GAS LISTING /var/folders/x6/17svhgds0x7889jbwj0rb4y80000gp/T//ccee3OIG.s 			page 17


 913 0634 00F0      		brlo .L99
 914               	.L97:
 915 0636 E0E0      		ldi r30,lo8(0)
 916 0638 F0E0      		ldi r31,hi8(0)
 917 063a 90E0      		ldi r25,lo8(0)
 918               	.L100:
 919               	/* #APP */
 920               	 ;  238 "main.c" 1
 921 063c 8491      		lpm r24, Z
 922               		
 923               	 ;  0 "" 2
 924               	/* #NOAPP */
 925 063e 980F      		add r25,r24
 926 0640 3196      		adiw r30,1
 927 0642 84E1      		ldi r24,hi8(5371)
 928 0644 EB3F      		cpi r30,lo8(5371)
 929 0646 F807      		cpc r31,r24
 930 0648 00F0      		brlo .L100
 931 064a 9923      		tst r25
 932 064c 01F4      		brne .L101
 933               	.L102:
 934 064e 1092 5F02 		sts 607,__zero_reg__
 935 0652 1092 5E02 		sts 606,__zero_reg__
 936               	/* #APP */
 937               	 ;  289 "main.c" 1
 938 0656 00C0      		rjmp __vectors - 4
 939               	 ;  0 "" 2
 940               	/* #NOAPP */
 941               	.L101:
 942               	/* #APP */
 943               	 ;  280 "main.c" 1
 944 0658 00C0      		rjmp __vectors
 945               	 ;  0 "" 2
 946               	/* #NOAPP */
 947 065a 00C0      		rjmp .L102
 948               		.size	main, .-main
 949               	.global	usbTxLen
 950               		.data
 951               		.type	usbTxLen, @object
 952               		.size	usbTxLen, 1
 953               	usbTxLen:
 954 0000 5A        		.byte	90
 955               	.global	usbDescriptorString0
 956               		.section	.progmem.data,"a",@progbits
 957               		.type	usbDescriptorString0, @object
 958               		.size	usbDescriptorString0, 4
 959               	usbDescriptorString0:
 960 0000 04        		.byte	4
 961 0001 03        		.byte	3
 962 0002 09        		.byte	9
 963 0003 04        		.byte	4
 964               	.global	usbDescriptorStringVendor
 965               		.type	usbDescriptorStringVendor, @object
 966               		.size	usbDescriptorStringVendor, 28
 967               	usbDescriptorStringVendor:
 968 0004 1C03      		.word	796
 969 0006 7700      		.word	119
GAS LISTING /var/folders/x6/17svhgds0x7889jbwj0rb4y80000gp/T//ccee3OIG.s 			page 18


 970 0008 7700      		.word	119
 971 000a 7700      		.word	119
 972 000c 2E00      		.word	46
 973 000e 6600      		.word	102
 974 0010 6900      		.word	105
 975 0012 7300      		.word	115
 976 0014 6300      		.word	99
 977 0016 6800      		.word	104
 978 0018 6C00      		.word	108
 979 001a 2E00      		.word	46
 980 001c 6400      		.word	100
 981 001e 6500      		.word	101
 982               	.global	usbDescriptorStringDevice
 983               		.type	usbDescriptorStringDevice, @object
 984               		.size	usbDescriptorStringDevice, 14
 985               	usbDescriptorStringDevice:
 986 0020 0E03      		.word	782
 987 0022 5500      		.word	85
 988 0024 5300      		.word	83
 989 0026 4200      		.word	66
 990 0028 6100      		.word	97
 991 002a 7300      		.word	115
 992 002c 7000      		.word	112
 993               	.global	usbDescriptorDevice
 994               		.type	usbDescriptorDevice, @object
 995               		.size	usbDescriptorDevice, 18
 996               	usbDescriptorDevice:
 997 002e 12        		.byte	18
 998 002f 01        		.byte	1
 999 0030 10        		.byte	16
 1000 0031 01        		.byte	1
 1001 0032 FF        		.byte	-1
 1002 0033 00        		.byte	0
 1003 0034 00        		.byte	0
 1004 0035 08        		.byte	8
 1005 0036 C0        		.byte	-64
 1006 0037 16        		.byte	22
 1007 0038 DC        		.byte	-36
 1008 0039 05        		.byte	5
 1009 003a 02        		.byte	2
 1010 003b 01        		.byte	1
 1011 003c 01        		.byte	1
 1012 003d 02        		.byte	2
 1013 003e 00        		.byte	0
 1014 003f 01        		.byte	1
 1015               	.global	usbDescriptorConfiguration
 1016               		.type	usbDescriptorConfiguration, @object
 1017               		.size	usbDescriptorConfiguration, 18
 1018               	usbDescriptorConfiguration:
 1019 0040 09        		.byte	9
 1020 0041 02        		.byte	2
 1021 0042 12        		.byte	18
 1022 0043 00        		.byte	0
 1023 0044 01        		.byte	1
 1024 0045 01        		.byte	1
 1025 0046 00        		.byte	0
 1026 0047 80        		.byte	-128
GAS LISTING /var/folders/x6/17svhgds0x7889jbwj0rb4y80000gp/T//ccee3OIG.s 			page 19


 1027 0048 32        		.byte	50
 1028 0049 09        		.byte	9
 1029 004a 04        		.byte	4
 1030 004b 00        		.byte	0
 1031 004c 00        		.byte	0
 1032 004d 00        		.byte	0
 1033 004e 00        		.byte	0
 1034 004f 00        		.byte	0
 1035 0050 00        		.byte	0
 1036 0051 00        		.byte	0
 1037               		.lcomm connectedToPc,1
 1038               		.lcomm checksum,2
 1039               		.lcomm needToErase,1
 1040               		.data
 1041               		.type	usbMsgLen, @object
 1042               		.size	usbMsgLen, 1
 1043               	usbMsgLen:
 1044 0001 FF        		.byte	-1
 1045               		.type	signatureBytes, @object
 1046               		.size	signatureBytes, 4
 1047               	signatureBytes:
 1048 0002 1E        		.byte	30
 1049 0003 93        		.byte	-109
 1050 0004 0B        		.byte	11
 1051 0005 00        		.byte	0
 1052               		.lcomm eraseRequested,1
 1053               		.lcomm replyBuffer.1870,4
 1054               		.lcomm flashPageLoaded,1
 1055               		.lcomm wasReset.1715,1
 1056               		.lcomm appWriteComplete,1
 1057               		.lcomm usbMsgFlags,1
 1058               		.lcomm writeSize,2
 1059               		.lcomm vectorTemp,4
 1060               		.lcomm requestBootLoaderExit,1
 1061               		.lcomm currentAddress,2
 1062               		.lcomm bytesRemaining,1
 1063               		.lcomm isLastPage,1
 1064               		.comm usbMsgPtr,2,1
 1065               		.comm usbRxToken,1,1
 1066               		.comm usbConfiguration,1,1
 1067               		.comm usbRxBuf,22,1
 1068               		.comm usbInputBufOffset,1,1
 1069               		.comm usbDeviceAddr,1,1
 1070               		.comm usbNewDeviceAddr,1,1
 1071               		.comm usbRxLen,1,1
 1072               		.comm usbCurrentTok,1,1
 1073               		.comm usbTxBuf,11,1
GAS LISTING /var/folders/x6/17svhgds0x7889jbwj0rb4y80000gp/T//ccee3OIG.s 			page 20


DEFINED SYMBOLS
                            *ABS*:00000000 main.c
/var/folders/x6/17svhgds0x7889jbwj0rb4y80000gp/T//ccee3OIG.s:2      *ABS*:0000003f __SREG__
/var/folders/x6/17svhgds0x7889jbwj0rb4y80000gp/T//ccee3OIG.s:3      *ABS*:0000003e __SP_H__
/var/folders/x6/17svhgds0x7889jbwj0rb4y80000gp/T//ccee3OIG.s:4      *ABS*:0000003d __SP_L__
/var/folders/x6/17svhgds0x7889jbwj0rb4y80000gp/T//ccee3OIG.s:5      *ABS*:00000034 __CCP__
/var/folders/x6/17svhgds0x7889jbwj0rb4y80000gp/T//ccee3OIG.s:6      *ABS*:00000000 __tmp_reg__
/var/folders/x6/17svhgds0x7889jbwj0rb4y80000gp/T//ccee3OIG.s:7      *ABS*:00000001 __zero_reg__
/var/folders/x6/17svhgds0x7889jbwj0rb4y80000gp/T//ccee3OIG.s:12     .text:00000000 writeFlashPage
/var/folders/x6/17svhgds0x7889jbwj0rb4y80000gp/T//ccee3OIG.s:1038   .bss:00000003 needToErase
/var/folders/x6/17svhgds0x7889jbwj0rb4y80000gp/T//ccee3OIG.s:1060   .bss:00000014 currentAddress
/var/folders/x6/17svhgds0x7889jbwj0rb4y80000gp/T//ccee3OIG.s:54     .text:0000003e writeWordToPageBuffer
/var/folders/x6/17svhgds0x7889jbwj0rb4y80000gp/T//ccee3OIG.s:1037   .bss:00000001 checksum
/var/folders/x6/17svhgds0x7889jbwj0rb4y80000gp/T//ccee3OIG.s:1058   .bss:0000000f vectorTemp
/var/folders/x6/17svhgds0x7889jbwj0rb4y80000gp/T//ccee3OIG.s:165    .text:000000fa fillFlashWithVectors
/var/folders/x6/17svhgds0x7889jbwj0rb4y80000gp/T//ccee3OIG.s:189    .text:00000120 eraseApplication
/var/folders/x6/17svhgds0x7889jbwj0rb4y80000gp/T//ccee3OIG.s:222    .init3:00000000 PushMagicWord
/var/folders/x6/17svhgds0x7889jbwj0rb4y80000gp/T//ccee3OIG.s:244    .text:00000148 main
                            *COM*:00000001 usbRxLen
                            *COM*:00000001 usbInputBufOffset
                            *COM*:00000016 usbRxBuf
                            *COM*:00000001 usbRxToken
                            *COM*:0000000b usbTxBuf
/var/folders/x6/17svhgds0x7889jbwj0rb4y80000gp/T//ccee3OIG.s:953    .data:00000000 usbTxLen
/var/folders/x6/17svhgds0x7889jbwj0rb4y80000gp/T//ccee3OIG.s:1056   .bss:0000000c usbMsgFlags
                             .bss:00000000 connectedToPc
/var/folders/x6/17svhgds0x7889jbwj0rb4y80000gp/T//ccee3OIG.s:1052   .bss:00000005 replyBuffer.1870
                            *COM*:00000002 usbMsgPtr
/var/folders/x6/17svhgds0x7889jbwj0rb4y80000gp/T//ccee3OIG.s:1047   .data:00000002 signatureBytes
/var/folders/x6/17svhgds0x7889jbwj0rb4y80000gp/T//ccee3OIG.s:1039   .bss:00000004 eraseRequested
/var/folders/x6/17svhgds0x7889jbwj0rb4y80000gp/T//ccee3OIG.s:1061   .bss:00000016 bytesRemaining
/var/folders/x6/17svhgds0x7889jbwj0rb4y80000gp/T//ccee3OIG.s:1062   .bss:00000017 isLastPage
/var/folders/x6/17svhgds0x7889jbwj0rb4y80000gp/T//ccee3OIG.s:1059   .bss:00000013 requestBootLoaderExit
                            *COM*:00000001 usbNewDeviceAddr
/var/folders/x6/17svhgds0x7889jbwj0rb4y80000gp/T//ccee3OIG.s:996    .progmem.data:0000002e usbDescriptorDevice
/var/folders/x6/17svhgds0x7889jbwj0rb4y80000gp/T//ccee3OIG.s:1018   .progmem.data:00000040 usbDescriptorConfiguration
/var/folders/x6/17svhgds0x7889jbwj0rb4y80000gp/T//ccee3OIG.s:959    .progmem.data:00000000 usbDescriptorString0
/var/folders/x6/17svhgds0x7889jbwj0rb4y80000gp/T//ccee3OIG.s:967    .progmem.data:00000004 usbDescriptorStringVendor
/var/folders/x6/17svhgds0x7889jbwj0rb4y80000gp/T//ccee3OIG.s:985    .progmem.data:00000020 usbDescriptorStringDevice
                            *COM*:00000001 usbConfiguration
/var/folders/x6/17svhgds0x7889jbwj0rb4y80000gp/T//ccee3OIG.s:1043   .data:00000001 usbMsgLen
/var/folders/x6/17svhgds0x7889jbwj0rb4y80000gp/T//ccee3OIG.s:1053   .bss:00000009 flashPageLoaded
                            *COM*:00000001 usbDeviceAddr
/var/folders/x6/17svhgds0x7889jbwj0rb4y80000gp/T//ccee3OIG.s:1054   .bss:0000000a wasReset.1715
/var/folders/x6/17svhgds0x7889jbwj0rb4y80000gp/T//ccee3OIG.s:1057   .bss:0000000d writeSize
/var/folders/x6/17svhgds0x7889jbwj0rb4y80000gp/T//ccee3OIG.s:1055   .bss:0000000b appWriteComplete
                            *COM*:00000001 usbCurrentTok

UNDEFINED SYMBOLS
__do_copy_data
__do_clear_bss
usbCrc16Append
calibrateOscillator
__vectors
